{"/home/ThisisHappy/LearnDir/frontend-project-46/__fixtures__/result.js": {"path":"/home/ThisisHappy/LearnDir/frontend-project-46/__fixtures__/result.js","statementMap":{"0":{"start":{"line":1,"column":15},"end":{"line":8,"column":2}}},"fnMap":{},"branchMap":{},"s":{"0":1},"f":{},"b":{},"_coverageSchema":"1a1c01bbd47fc00a2c39e90264f33305004495a9","hash":"7ed999f9af9c58286ceac0954567c3d8e7c0c05a"}
,"/home/ThisisHappy/LearnDir/frontend-project-46/src/index.js": {"path":"/home/ThisisHappy/LearnDir/frontend-project-46/src/index.js","statementMap":{"0":{"start":{"line":16,"column":22},"end":{"line":16,"column":73}},"1":{"start":{"line":16,"column":36},"end":{"line":16,"column":73}},"2":{"start":{"line":18,"column":24},"end":{"line":55,"column":1}},"3":{"start":{"line":19,"column":20},"end":{"line":19,"column":40}},"4":{"start":{"line":20,"column":20},"end":{"line":20,"column":40}},"5":{"start":{"line":22,"column":16},"end":{"line":22,"column":48}},"6":{"start":{"line":23,"column":16},"end":{"line":23,"column":48}},"7":{"start":{"line":25,"column":35},"end":{"line":25,"column":54}},"8":{"start":{"line":29,"column":16},"end":{"line":29,"column":39}},"9":{"start":{"line":30,"column":16},"end":{"line":30,"column":39}},"10":{"start":{"line":31,"column":21},"end":{"line":31,"column":42}},"11":{"start":{"line":33,"column":21},"end":{"line":33,"column":23}},"12":{"start":{"line":34,"column":15},"end":{"line":50,"column":11}},"13":{"start":{"line":35,"column":4},"end":{"line":37,"column":5}},"14":{"start":{"line":36,"column":6},"end":{"line":36,"column":48}},"15":{"start":{"line":38,"column":4},"end":{"line":45,"column":5}},"16":{"start":{"line":39,"column":6},"end":{"line":44,"column":7}},"17":{"start":{"line":40,"column":8},"end":{"line":40,"column":50}},"18":{"start":{"line":42,"column":8},"end":{"line":42,"column":50}},"19":{"start":{"line":43,"column":8},"end":{"line":43,"column":57}},"20":{"start":{"line":46,"column":4},"end":{"line":48,"column":5}},"21":{"start":{"line":47,"column":6},"end":{"line":47,"column":48}},"22":{"start":{"line":49,"column":4},"end":{"line":49,"column":15}},"23":{"start":{"line":52,"column":2},"end":{"line":52,"column":24}},"24":{"start":{"line":53,"column":2},"end":{"line":53,"column":17}},"25":{"start":{"line":54,"column":2},"end":{"line":54,"column":25}}},"fnMap":{"0":{"name":"(anonymous_0)","decl":{"start":{"line":16,"column":22},"end":{"line":16,"column":23}},"loc":{"start":{"line":16,"column":36},"end":{"line":16,"column":73}},"line":16},"1":{"name":"(anonymous_1)","decl":{"start":{"line":18,"column":24},"end":{"line":18,"column":25}},"loc":{"start":{"line":18,"column":42},"end":{"line":55,"column":1}},"line":18},"2":{"name":"(anonymous_2)","decl":{"start":{"line":34,"column":33},"end":{"line":34,"column":34}},"loc":{"start":{"line":34,"column":47},"end":{"line":50,"column":3}},"line":34}},"branchMap":{"0":{"loc":{"start":{"line":35,"column":4},"end":{"line":37,"column":5}},"type":"if","locations":[{"start":{"line":35,"column":4},"end":{"line":37,"column":5}},{"start":{},"end":{}}],"line":35},"1":{"loc":{"start":{"line":35,"column":8},"end":{"line":35,"column":73}},"type":"binary-expr","locations":[{"start":{"line":35,"column":8},"end":{"line":35,"column":38}},{"start":{"line":35,"column":42},"end":{"line":35,"column":73}}],"line":35},"2":{"loc":{"start":{"line":38,"column":4},"end":{"line":45,"column":5}},"type":"if","locations":[{"start":{"line":38,"column":4},"end":{"line":45,"column":5}},{"start":{},"end":{}}],"line":38},"3":{"loc":{"start":{"line":38,"column":8},"end":{"line":38,"column":72}},"type":"binary-expr","locations":[{"start":{"line":38,"column":8},"end":{"line":38,"column":38}},{"start":{"line":38,"column":42},"end":{"line":38,"column":72}}],"line":38},"4":{"loc":{"start":{"line":39,"column":6},"end":{"line":44,"column":7}},"type":"if","locations":[{"start":{"line":39,"column":6},"end":{"line":44,"column":7}},{"start":{"line":41,"column":13},"end":{"line":44,"column":7}}],"line":39},"5":{"loc":{"start":{"line":46,"column":4},"end":{"line":48,"column":5}},"type":"if","locations":[{"start":{"line":46,"column":4},"end":{"line":48,"column":5}},{"start":{},"end":{}}],"line":46},"6":{"loc":{"start":{"line":46,"column":8},"end":{"line":46,"column":73}},"type":"binary-expr","locations":[{"start":{"line":46,"column":8},"end":{"line":46,"column":39}},{"start":{"line":46,"column":43},"end":{"line":46,"column":73}}],"line":46}},"s":{"0":1,"1":2,"2":1,"3":1,"4":1,"5":1,"6":1,"7":1,"8":1,"9":1,"10":1,"11":1,"12":1,"13":5,"14":2,"15":5,"16":2,"17":1,"18":1,"19":1,"20":5,"21":1,"22":5,"23":1,"24":1,"25":1},"f":{"0":2,"1":1,"2":5},"b":{"0":[2,3],"1":[5,4],"2":[2,3],"3":[5,4],"4":[1,1],"5":[1,4],"6":[5,1]},"_coverageSchema":"1a1c01bbd47fc00a2c39e90264f33305004495a9","hash":"9d215c7bfb84cfa5a208d06dae5d984710c49991"}
,"/home/ThisisHappy/LearnDir/frontend-project-46/src/parser.js": {"path":"/home/ThisisHappy/LearnDir/frontend-project-46/src/parser.js","statementMap":{"0":{"start":{"line":3,"column":14},"end":{"line":8,"column":1}},"1":{"start":{"line":4,"column":20},"end":{"line":4,"column":37}},"2":{"start":{"line":5,"column":20},"end":{"line":5,"column":37}},"3":{"start":{"line":7,"column":2},"end":{"line":7,"column":32}}},"fnMap":{"0":{"name":"(anonymous_0)","decl":{"start":{"line":3,"column":14},"end":{"line":3,"column":15}},"loc":{"start":{"line":3,"column":32},"end":{"line":8,"column":1}},"line":3}},"branchMap":{},"s":{"0":1,"1":1,"2":1,"3":1},"f":{"0":1},"b":{},"_coverageSchema":"1a1c01bbd47fc00a2c39e90264f33305004495a9","hash":"e0eec0db56f3cf4b5e196ddd597720ab3689b08b"}
}
