TN:
SF:__fixtures__/result.js
FNF:0
FNH:0
DA:1,1
LF:1
LH:1
BRF:0
BRH:0
end_of_record
TN:
SF:src/index.js
FN:16,(anonymous_0)
FN:18,(anonymous_1)
FN:34,(anonymous_2)
FNF:3
FNH:3
FNDA:2,(anonymous_0)
FNDA:1,(anonymous_1)
FNDA:5,(anonymous_2)
DA:16,2
DA:18,1
DA:19,1
DA:20,1
DA:22,1
DA:23,1
DA:25,1
DA:29,1
DA:30,1
DA:31,1
DA:33,1
DA:34,1
DA:35,5
DA:36,2
DA:38,5
DA:39,2
DA:40,1
DA:42,1
DA:43,1
DA:46,5
DA:47,1
DA:49,5
DA:52,1
DA:53,1
DA:54,1
LF:25
LH:25
BRDA:35,0,0,2
BRDA:35,0,1,3
BRDA:35,1,0,5
BRDA:35,1,1,4
BRDA:38,2,0,2
BRDA:38,2,1,3
BRDA:38,3,0,5
BRDA:38,3,1,4
BRDA:39,4,0,1
BRDA:39,4,1,1
BRDA:46,5,0,1
BRDA:46,5,1,4
BRDA:46,6,0,5
BRDA:46,6,1,1
BRF:14
BRH:14
end_of_record
TN:
SF:src/parser.js
FN:3,(anonymous_0)
FNF:1
FNH:1
FNDA:1,(anonymous_0)
DA:3,1
DA:4,1
DA:5,1
DA:7,1
LF:4
LH:4
BRF:0
BRH:0
end_of_record
